Vx++ button pressed.Fri Feb 10 17:26:09 2023
Vx++ button pressed.Fri Feb 10 17:26:10 2023
Vx stop button pressed.Fri Feb 10 17:26:20 2023
Vx stop button pressed.Fri Feb 10 17:26:21 2023
Vx-- button pressed.Fri Feb 10 17:26:22 2023
Vx-- button pressed.Fri Feb 10 17:26:26 2023
Vx-- button pressed.Fri Feb 10 17:26:28 2023
Vx stop button pressed.Fri Feb 10 17:26:32 2023
Vx stop button pressed.Fri Feb 10 17:26:33 2023
Vx++ button pressed.Fri Feb 10 17:26:34 2023
Vx++ button pressed.Fri Feb 10 17:26:36 2023
Vx++ button pressed.Fri Feb 10 17:26:37 2023
Vx++ button pressed.Fri Feb 10 17:26:38 2023
Vx++ button pressed.Fri Feb 10 17:26:41 2023
Vx++ button pressed.Fri Feb 10 17:26:42 2023
Vx-- button pressed.Fri Feb 10 17:26:53 2023
Vx-- button pressed.Fri Feb 10 17:26:54 2023
Vx-- button pressed.Fri Feb 10 17:26:57 2023
Vx-- button pressed.Fri Feb 10 17:26:58 2023
Vx stop button pressed.Fri Feb 10 17:27:09 2023
Vx stop button pressed.Fri Feb 10 17:27:10 2023
Vz-- button pressed.Fri Feb 10 17:27:11 2023
Vz stop button pressed.Fri Feb 10 17:27:21 2023
Vz stop button pressed.Fri Feb 10 17:27:22 2023
Vx++ button pressed.Fri Feb 10 17:27:23 2023
Vz stop button pressed.Fri Feb 10 17:27:26 2023
Vz stop button pressed.Fri Feb 10 17:27:27 2023
Vz++ button pressed.Fri Feb 10 17:27:29 2023
Vz++ button pressed.Fri Feb 10 17:27:30 2023
Vz++ button pressed.Fri Feb 10 17:27:32 2023
Vx-- button pressed.Fri Feb 10 17:27:33 2023
Vx-- button pressed.Fri Feb 10 17:27:35 2023
Vx stop button pressed.Fri Feb 10 17:27:43 2023
Vx stop button pressed.Fri Feb 10 17:27:45 2023
Vz-- button pressed.Fri Feb 10 17:27:46 2023
Vz-- button pressed.Fri Feb 10 17:27:47 2023
Vx++ button pressed.Fri Feb 10 17:28:10 2023
Vx++ button pressed.Fri Feb 10 17:28:12 2023
Vz-- button pressed.Fri Feb 10 17:28:14 2023
Vz-- button pressed.Fri Feb 10 17:28:16 2023
Vx++ button pressed.Fri Feb 10 17:28:43 2023
Vz-- button pressed.Fri Feb 10 17:28:44 2023
Vx++ button pressed.Sun Feb 12 16:02:52 2023
Vx++ button pressed.Sun Feb 12 16:03:00 2023
Vx-- button pressed.Sun Feb 12 16:03:07 2023
Vx stop button pressed.Sun Feb 12 16:03:18 2023
Vz-- button pressed.Sun Feb 12 16:03:19 2023
Vz-- button pressed.Sun Feb 12 16:03:25 2023
Vz-- button pressed.Sun Feb 12 16:03:26 2023
Vz stop button pressed.Sun Feb 12 16:03:30 2023
Vz stop button pressed.Sun Feb 12 16:03:31 2023
Vx++ button pressed.Sun Feb 12 16:04:03 2023
Vz-- button pressed.Sun Feb 12 16:04:10 2023
Vz stop button pressed.Sun Feb 12 16:04:17 2023
Vx stop button pressed.Sun Feb 12 16:04:31 2023
Vz-- button pressed.Sun Feb 12 16:04:36 2023
Vx++ button pressed.Sun Feb 12 17:32:22 2023
Vz-- button pressed.Sun Feb 12 17:32:27 2023
Vx++ button pressed.Sun Feb 12 18:02:19 2023
Vz-- button pressed.Sun Feb 12 18:02:22 2023
Vz-- button pressed.Sun Feb 12 18:02:26 2023
Vz-- button pressed.Sun Feb 12 18:02:27 2023
Vz stop button pressed.Sun Feb 12 18:02:34 2023
Vx++ button pressed.Sun Feb 12 18:05:05 2023
Vz-- button pressed.Sun Feb 12 18:05:08 2023
Vz stop button pressed.Sun Feb 12 18:05:21 2023
Vz++ button pressed.Sun Feb 12 18:05:37 2023
Vx stop button pressed.Sun Feb 12 18:05:41 2023
Vx-- button pressed.Sun Feb 12 18:05:45 2023
Vz stop button pressed.Sun Feb 12 18:05:47 2023
Vx-- button pressed.Sun Feb 12 18:05:48 2023
Vx-- button pressed.Sun Feb 12 18:05:50 2023
Vx-- button pressed.Sun Feb 12 18:05:51 2023
Vx++ button pressed.Sun Feb 12 18:06:23 2023
Vz-- button pressed.Sun Feb 12 18:06:25 2023
Vx++ button pressed.Sun Feb 12 18:07:12 2023
Vz-- button pressed.Sun Feb 12 18:07:13 2023
Vz stop button pressed.Sun Feb 12 18:07:27 2023
Vx++ button pressed.Sun Feb 12 18:07:32 2023
Vz stop button pressed.Sun Feb 12 18:07:39 2023
Vz stop button pressed.Sun Feb 12 18:07:40 2023
Vx stop button pressed.Sun Feb 12 18:07:41 2023
Vx-- button pressed.Sun Feb 12 18:07:43 2023
Vx-- button pressed.Sun Feb 12 18:07:44 2023
Vx stop button pressed.Sun Feb 12 18:07:47 2023
Vx-- button pressed.Sun Feb 12 18:07:49 2023
Vx-- button pressed.Sun Feb 12 18:07:50 2023
Vx++ button pressed.Sun Feb 12 18:07:52 2023
Vx++ button pressed.Sun Feb 12 18:07:55 2023
Vx++ button pressed.Sun Feb 12 18:08:00 2023
Vx stop button pressed.Sun Feb 12 18:08:05 2023
Vx++ button pressed.Sun Feb 12 18:08:06 2023
Vx stop button pressed.Sun Feb 12 18:08:08 2023
