Vx++ button pressed.Fri Feb 10 17:26:10 2023
Vx++ button pressed.Fri Feb 10 17:26:11 2023
Vx stop button pressed.Fri Feb 10 17:26:20 2023
Vx stop button pressed.Fri Feb 10 17:26:22 2023
Vx-- button pressed.Fri Feb 10 17:26:23 2023
Vx-- button pressed.Fri Feb 10 17:26:27 2023
Vx-- button pressed.Fri Feb 10 17:26:28 2023
Vx stop button pressed.Fri Feb 10 17:26:33 2023
Vx stop button pressed.Fri Feb 10 17:26:34 2023
Vx++ button pressed.Fri Feb 10 17:26:35 2023
Vx++ button pressed.Fri Feb 10 17:26:36 2023
Vx++ button pressed.Fri Feb 10 17:26:37 2023
Vx++ button pressed.Fri Feb 10 17:26:39 2023
Vx++ button pressed.Fri Feb 10 17:26:42 2023
Vx++ button pressed.Fri Feb 10 17:26:43 2023
Vx-- button pressed.Fri Feb 10 17:26:53 2023
Vx-- button pressed.Fri Feb 10 17:26:54 2023
Vx-- button pressed.Fri Feb 10 17:26:57 2023
Vx-- button pressed.Fri Feb 10 17:26:59 2023
Vx stop button pressed.Fri Feb 10 17:27:09 2023
Vx stop button pressed.Fri Feb 10 17:27:10 2023
Vx++ button pressed.Fri Feb 10 17:27:24 2023
Vx-- button pressed.Fri Feb 10 17:27:34 2023
Vx-- button pressed.Fri Feb 10 17:27:35 2023
Vx stop button pressed.Fri Feb 10 17:27:44 2023
Vx stop button pressed.Fri Feb 10 17:27:45 2023
Vx++ button pressed.Fri Feb 10 17:28:11 2023
Vx++ button pressed.Fri Feb 10 17:28:12 2023
Vx++ button pressed.Fri Feb 10 17:28:43 2023
Vx++ button pressed.Sun Feb 12 16:02:53 2023
Vx++ button pressed.Sun Feb 12 16:03:00 2023
Vx-- button pressed.Sun Feb 12 16:03:07 2023
Vx stop button pressed.Sun Feb 12 16:03:18 2023
Vx++ button pressed.Sun Feb 12 16:04:03 2023
Vx stop button pressed.Sun Feb 12 16:04:32 2023
Vx++ button pressed.Sun Feb 12 17:32:23 2023
Vx++ button pressed.Sun Feb 12 18:02:19 2023
Vx++ button pressed.Sun Feb 12 18:05:06 2023
Vx stop button pressed.Sun Feb 12 18:05:41 2023
Vx-- button pressed.Sun Feb 12 18:05:46 2023
Vx-- button pressed.Sun Feb 12 18:05:48 2023
Vx-- button pressed.Sun Feb 12 18:05:50 2023
Vx-- button pressed.Sun Feb 12 18:05:51 2023
Vx++ button pressed.Sun Feb 12 18:06:25 2023
Vx++ button pressed.Sun Feb 12 18:07:13 2023
Vx++ button pressed.Sun Feb 12 18:07:33 2023
Vx stop button pressed.Sun Feb 12 18:07:42 2023
Vx-- button pressed.Sun Feb 12 18:07:44 2023
Vx-- button pressed.Sun Feb 12 18:07:45 2023
Vx stop button pressed.Sun Feb 12 18:07:48 2023
Vx-- button pressed.Sun Feb 12 18:07:50 2023
Vx-- button pressed.Sun Feb 12 18:07:51 2023
Vx++ button pressed.Sun Feb 12 18:07:53 2023
Vx++ button pressed.Sun Feb 12 18:07:56 2023
Vx++ button pressed.Sun Feb 12 18:08:01 2023
Vx stop button pressed.Sun Feb 12 18:08:06 2023
Vx++ button pressed.Sun Feb 12 18:08:07 2023
Vx stop button pressed.Sun Feb 12 18:08:09 2023
