Vz++ button pressed.Fri Feb 10 17:27:12 2023
Vz stop button pressed.Fri Feb 10 17:27:22 2023
Vz stop button pressed.Fri Feb 10 17:27:23 2023
Vz stop button pressed.Fri Feb 10 17:27:26 2023
Vz stop button pressed.Fri Feb 10 17:27:27 2023
Vz-- button pressed.Fri Feb 10 17:27:30 2023
Vz-- button pressed.Fri Feb 10 17:27:31 2023
Vz-- button pressed.Fri Feb 10 17:27:33 2023
Vz++ button pressed.Fri Feb 10 17:27:47 2023
Vz++ button pressed.Fri Feb 10 17:27:48 2023
Vz++ button pressed.Fri Feb 10 17:28:15 2023
Vz++ button pressed.Fri Feb 10 17:28:16 2023
Vz++ button pressed.Fri Feb 10 17:28:45 2023
Vz++ button pressed.Sun Feb 12 16:03:20 2023
Vz++ button pressed.Sun Feb 12 16:03:26 2023
Vz++ button pressed.Sun Feb 12 16:03:27 2023
Vz stop button pressed.Sun Feb 12 16:03:30 2023
Vz stop button pressed.Sun Feb 12 16:03:31 2023
Vz++ button pressed.Sun Feb 12 16:04:10 2023
Vz stop button pressed.Sun Feb 12 16:04:17 2023
Vz++ button pressed.Sun Feb 12 16:04:36 2023
Vz++ button pressed.Sun Feb 12 17:32:28 2023
Vz++ button pressed.Sun Feb 12 18:02:22 2023
Vz++ button pressed.Sun Feb 12 18:02:26 2023
Vz++ button pressed.Sun Feb 12 18:02:27 2023
Vz stop button pressed.Sun Feb 12 18:02:34 2023
Vz++ button pressed.Sun Feb 12 18:05:09 2023
Vz stop button pressed.Sun Feb 12 18:05:21 2023
Vz-- button pressed.Sun Feb 12 18:05:37 2023
Vz stop button pressed.Sun Feb 12 18:05:47 2023
Vz++ button pressed.Sun Feb 12 18:06:26 2023
Vz++ button pressed.Sun Feb 12 18:07:14 2023
Vz stop button pressed.Sun Feb 12 18:07:28 2023
Vz stop button pressed.Sun Feb 12 18:07:40 2023
Vz stop button pressed.Sun Feb 12 18:07:41 2023
